\BOOKMARK [1][-]{part*.1}{\376\377\000A\000b\000s\000t\000r\000a\000c\000t\000/\000R\000\351\000s\000u\000m\000\351}{}% 1
\BOOKMARK [1][-]{part*.1}{\376\377\000T\000a\000b\000l\000e\000\040\000d\000e\000s\000\040\000f\000i\000g\000u\000r\000e\000s}{}% 2
\BOOKMARK [1][-]{part*.1}{\376\377\000L\000i\000s\000t\000e\000\040\000d\000e\000s\000\040\000t\000a\000b\000l\000e\000a\000u\000x}{}% 3
\BOOKMARK [1][-]{part*.1}{\376\377\000L\000i\000s\000t\000e\000\040\000d\000e\000s\000\040\000c\000o\000d\000e\000s}{}% 4
\BOOKMARK [1][-]{part*.1}{\376\377\000A\000b\000r\000\351\000v\000i\000a\000t\000i\000o\000n}{}% 5
\BOOKMARK [1][-]{section.1}{\376\377\000I\000n\000t\000r\000o\000d\000u\000c\000t\000i\000o\000n}{}% 6
\BOOKMARK [2][-]{subsection.1.1}{\376\377\000L\000e\000\040\000p\000r\000o\000j\000e\000t}{section.1}% 7
\BOOKMARK [2][-]{subsection.1.2}{\376\377\000O\000b\000j\000e\000c\000t\000i\000f}{section.1}% 8
\BOOKMARK [2][-]{subsection.1.3}{\376\377\000O\000r\000g\000a\000n\000i\000s\000a\000t\000i\000o\000n\000\040\000d\000u\000\040\000r\000a\000p\000p\000o\000r\000t}{section.1}% 9
\BOOKMARK [2][-]{subsection.1.4}{\376\377\000C\000a\000h\000i\000e\000r\000\040\000d\000e\000s\000\040\000c\000h\000a\000r\000g\000e\000s}{section.1}% 10
\BOOKMARK [2][-]{subsection.1.5}{\376\377\000P\000l\000a\000n\000i\000f\000i\000c\000a\000t\000i\000o\000n\000\040\000d\000u\000\040\000p\000r\000o\000j\000e\000t}{section.1}% 11
\BOOKMARK [1][-]{section.2}{\376\377\000A\000j\000u\000s\000t\000a\000g\000e\000\040\000d\000e\000s\000\040\000p\000a\000r\000a\000m\000\350\000t\000r\000e\000s\000\040\000d\000'\000u\000n\000\040\000r\000\351\000g\000u\000l\000a\000t\000e\000u\000r\000\040\000P\000I\000D\000\040\000:\000\051}{}% 12
\BOOKMARK [2][-]{subsection.2.1}{\376\377\000D\000e\000s\000c\000r\000i\000p\000t\000i\000o\000n\000\040\000d\000'\000u\000n\000\040\000r\000\351\000g\000u\000l\000a\000t\000e\000u\000r\000\040\000P\000I\000D}{section.2}% 13
\BOOKMARK [2][-]{subsection.2.2}{\376\377\000M\000\351\000t\000h\000o\000d\000e\000\040\000d\000e\000\040\000r\000\351\000g\000l\000a\000g\000e\000\040\000d\000e\000s\000\040\000r\000\351\000g\000u\000l\000a\000t\000e\000u\000r\000s\000s\000\040\000P\000I\000D}{section.2}% 14
\BOOKMARK [3][-]{subsubsection.2.2.1}{\376\377\000M\000\351\000t\000h\000o\000d\000e\000\040\000i\000t\000\351\000r\000a\000t\000i\000v\000e\000\040\000\340\000\040\000t\000r\000o\000i\000s\000\040\000p\000h\000a\000s\000e\000s}{subsection.2.2}% 15
\BOOKMARK [3][-]{subsubsection.2.2.2}{\376\377\000M\000\351\000t\000h\000o\000d\000e\000\040\000d\000e\000\040\000Z\000i\000e\000g\000l\000e\000r\000\040\000e\000t\000\040\000N\000i\000c\000h\000o\000l\000s}{subsection.2.2}% 16
\BOOKMARK [3][-]{subsubsection.2.2.3}{\376\377\000M\000\351\000t\000h\000o\000d\000e\000\040\000d\000e\000\040\000\305\000s\000t\000r\000\366\000m\000\040\000e\000t\000\040\000H\000\344\000g\000g\000l\000u\000n\000d}{subsection.2.2}% 17
\BOOKMARK [3][-]{subsubsection.2.2.4}{\376\377\000R\000\351\000s\000u\000m\000\351}{subsection.2.2}% 18
\BOOKMARK [1][-]{section.3}{\376\377\000E\000x\000p\000\351\000r\000i\000m\000e\000n\000t\000a\000t\000i\000o\000n\000\040\0001}{}% 19
\BOOKMARK [2][-]{subsection.3.1}{\376\377\000R\000\351\000a\000l\000i\000s\000a\000t\000i\000o\000n\000\040\000d\000e\000\040\000l\000a\000\040\000r\000\351\000g\000u\000l\000a\000t\000i\000o\000n}{section.3}% 20
\BOOKMARK [2][-]{subsection.3.2}{\376\377\000R\000\351\000s\000u\000l\000t\000a\000t\000s}{section.3}% 21
\BOOKMARK [1][-]{section.4}{\376\377\000E\000x\000p\000\351\000r\000i\000m\000e\000n\000t\000a\000t\000i\000o\000n\000\040\0002}{}% 22
\BOOKMARK [2][-]{subsection.4.1}{\376\377\000R\000\351\000g\000u\000l\000a\000t\000e\000u\000r\000\040\000T\000O\000R}{section.4}% 23
\BOOKMARK [2][-]{subsection.4.2}{\376\377\000R\000\351\000g\000u\000l\000a\000t\000e\000u\000r\000\040\000P\000I\000D}{section.4}% 24
\BOOKMARK [2][-]{subsection.4.3}{\376\377\000R\000\351\000g\000u\000l\000a\000t\000e\000u\000r\000\040\000P\000I\000D\000\040\000a\000u\000t\000o\000a\000j\000u\000s\000t\000\351}{section.4}% 25
\BOOKMARK [2][-]{subsection.4.4}{\376\377\000R\000\351\000s\000u\000l\000a\000t\000s\000\040\000d\000u\000\040\000r\000\351\000g\000u\000l\000a\000t\000e\000u\000r\000\040\000a\000u\000t\000o\000a\000j\000u\000s\000t\000\351}{section.4}% 26
\BOOKMARK [1][-]{section.5}{\376\377\000s\000y\000n\000t\000h\000\350\000s\000e}{}% 27
\BOOKMARK [1][-]{section.6}{\376\377\000C\000o\000n\000c\000l\000u\000s\000i\000o\000n}{}% 28
\BOOKMARK [2][-]{subsection.6.1}{\376\377\000C\000o\000n\000c\000l\000u\000s\000i\000o\000n\000\040\000p\000e\000r\000s\000o\000n\000n\000e\000l\000l\000e}{section.6}% 29
\BOOKMARK [1][-]{subsection.6.1}{\376\377\000R\000\351\000f\000\351\000r\000e\000n\000c\000e\000s}{}% 30
\BOOKMARK [1][-]{appendix.A}{\376\377\000L\000o\000g\000i\000c\000i\000e\000l\000s\000\040\000u\000t\000i\000l\000i\000s\000\351\000s}{}% 31
\BOOKMARK [1][-]{appendix.B}{\376\377\000M\000a\000t\000\351\000r\000i\000e\000l\000s\000\040\000u\000t\000i\000l\000i\000s\000\351\000s}{}% 32
\BOOKMARK [1][-]{appendix.C}{\376\377\000A\000n\000n\000e\000x\000e}{}% 33
\BOOKMARK [2][-]{subsection.C.1}{\376\377\000C\000o\000d\000e\000\040\000p\000o\000u\000r\000\040\000l\000e\000\040\000p\000l\000a\000c\000e\000m\000e\000n\000t\000\040\000d\000e\000s\000\040\000p\000\364\000l\000e\000s}{appendix.C}% 34
\BOOKMARK [2][-]{subsection.C.2}{\376\377\000O\000r\000g\000a\000n\000i\000g\000r\000a\000m\000m\000e\000\040\000r\000\351\000g\000u\000l\000a\000t\000e\000u\000r\000\040\000P\000I\000D\000\040\000n\000u\000m\000\351\000r\000i\000q\000u\000e}{appendix.C}% 35
\BOOKMARK [2][-]{subsection.C.3}{\376\377\000C\000o\000d\000e\000\040\000M\000a\000t\000l\000a\000b\000\040\000p\000a\000r\000a\000m\000\350\000t\000r\000e\000s\000\040\000m\000\351\000t\000h\000o\000d\000e\000\040\000A\000H}{appendix.C}% 36
